module-java/build/outputs/logs/manifest-merger-debug-report.txt
-- Merging decision tree log ---
manifest
ADDED from src/main/AndroidManifest.xml:2:1-14:12
INJECTED from src/main/AndroidManifest.xml:2:1-14:12
INJECTED from src/main/AndroidManifest.xml:2:1-14:12
	package
		ADDED from src/main/AndroidManifest.xml:3:5-55
		INJECTED from src/main/AndroidManifest.xml
		INJECTED from src/main/AndroidManifest.xml
	xmlns:android
		ADDED from src/main/AndroidManifest.xml:2:11-69
uses-permission#android.permission.READ_EXTERNAL_STORAGE
ADDED from src/main/AndroidManifest.xml:6:5-80
	android:name
		ADDED from src/main/AndroidManifest.xml:6:22-77
uses-permission#android.permission.WRITE_EXTERNAL_STORAGE
ADDED from src/main/AndroidManifest.xml:7:5-81
	android:name
		ADDED from src/main/AndroidManifest.xml:7:22-78
application
ADDED from src/main/AndroidManifest.xml:9:5-12:19
activity#com.alibaba.android.arouter.demo.module1.TestModuleActivity
ADDED from src/main/AndroidManifest.xml:10:9-65
	android:name
		ADDED from src/main/AndroidManifest.xml:10:19-53
activity#com.alibaba.android.arouter.demo.module1.TestModule2Activity
ADDED from src/main/AndroidManifest.xml:11:9-66
	android:name
		ADDED from src/main/AndroidManifest.xml:11:19-54
uses-sdk
INJECTED from src/main/AndroidManifest.xml reason: use-sdk injection requested
INJECTED from src/main/AndroidManifest.xml
INJECTED from src/main/AndroidManifest.xml
INJECTED from src/main/AndroidManifest.xml
INJECTED from src/main/AndroidManifest.xml
	android:targetSdkVersion
		INJECTED from src/main/AndroidManifest.xml
		ADDED from src/main/AndroidManifest.xml
		INJECTED from src/main/AndroidManifest.xml
	android:minSdkVersion
		INJECTED from src/main/AndroidManifest.xml
		ADDED from src/main/AndroidManifest.xml
		INJECTED from src/main/AndroidManifest.xml